TN:
SF:src\app.ts
FNF:0
FNH:0
DA:1,1
DA:2,1
DA:3,1
DA:4,1
DA:5,1
DA:6,1
DA:7,1
DA:8,1
DA:9,1
DA:10,1
DA:11,1
DA:12,1
DA:13,1
DA:14,1
DA:15,1
DA:16,1
DA:17,1
DA:18,1
DA:19,1
DA:20,1
DA:21,1
DA:22,1
DA:23,1
DA:24,1
DA:25,1
DA:26,1
DA:27,1
DA:28,1
DA:29,1
DA:30,1
DA:31,1
DA:32,1
DA:33,1
DA:34,1
DA:35,1
DA:36,1
LF:36
LH:36
BRF:0
BRH:0
end_of_record
TN:
SF:src\controllers\auth.controller.ts
FN:6,register
FN:25,login
FN:47,logout
FNF:3
FNH:0
FNDA:0,register
FNDA:0,login
FNDA:0,logout
DA:1,1
DA:2,1
DA:3,1
DA:4,1
DA:5,1
DA:6,1
DA:7,0
DA:8,0
DA:9,0
DA:10,0
DA:11,0
DA:12,0
DA:13,0
DA:14,0
DA:15,0
DA:16,0
DA:17,0
DA:18,0
DA:19,0
DA:20,0
DA:21,0
DA:22,0
DA:23,0
DA:24,1
DA:25,1
DA:26,0
DA:27,0
DA:28,0
DA:29,0
DA:30,0
DA:31,0
DA:32,0
DA:33,0
DA:34,0
DA:35,0
DA:36,0
DA:37,0
DA:38,0
DA:39,0
DA:40,0
DA:41,0
DA:42,0
DA:43,0
DA:44,0
DA:45,0
DA:46,1
DA:47,1
DA:48,0
DA:49,0
DA:50,0
DA:51,0
LF:51
LH:10
BRF:0
BRH:0
end_of_record
TN:
SF:src\controllers\music.controller.ts
FN:6,createSong
FN:24,getSongs
FN:35,getSong
FN:43,deleteSong
FN:58,UpdateSong
FN:74,DownloadSong
FNF:6
FNH:0
FNDA:0,createSong
FNDA:0,getSongs
FNDA:0,getSong
FNDA:0,deleteSong
FNDA:0,UpdateSong
FNDA:0,DownloadSong
DA:1,1
DA:2,1
DA:3,1
DA:4,1
DA:5,1
DA:6,1
DA:7,0
DA:8,0
DA:9,0
DA:10,0
DA:11,0
DA:12,0
DA:13,0
DA:14,0
DA:15,0
DA:16,0
DA:17,0
DA:18,0
DA:19,0
DA:20,0
DA:21,0
DA:22,0
DA:23,1
DA:24,1
DA:25,0
DA:26,0
DA:27,0
DA:28,0
DA:29,0
DA:30,0
DA:31,0
DA:32,0
DA:33,0
DA:34,1
DA:35,1
DA:36,0
DA:37,0
DA:38,0
DA:39,0
DA:40,0
DA:41,0
DA:42,1
DA:43,1
DA:44,0
DA:45,0
DA:46,0
DA:47,0
DA:48,0
DA:49,0
DA:50,0
DA:51,0
DA:52,0
DA:53,0
DA:54,0
DA:55,0
DA:56,0
DA:57,1
DA:58,1
DA:59,0
DA:60,0
DA:61,0
DA:62,0
DA:63,0
DA:64,0
DA:65,0
DA:66,0
DA:67,0
DA:68,0
DA:69,0
DA:70,0
DA:71,0
DA:72,0
DA:73,1
DA:74,1
DA:75,0
DA:76,0
DA:77,0
LF:77
LH:16
BRF:0
BRH:0
end_of_record
TN:
SF:src\controllers\user.controller.ts
FN:5,getUsers
FN:14,getUser
FN:23,createUser
FN:38,deleteUser
FN:48,UpdateUser
FN:69,oo_cm
FN:69,oo_oo
FN:69,oo_tr
FN:69,oo_tx
FN:69,oo_ts
FN:69,oo_te
FNF:11
FNH:9
FNDA:3,getUsers
FNDA:0,getUser
FNDA:1,createUser
FNDA:1,deleteUser
FNDA:0,UpdateUser
FNDA:1,oo_cm
FNDA:1,oo_oo
FNDA:1,oo_tr
FNDA:1,oo_tx
FNDA:1,oo_ts
FNDA:1,oo_te
DA:1,1
DA:2,1
DA:3,1
DA:4,1
DA:5,1
DA:6,3
DA:7,3
DA:8,3
DA:9,3
DA:10,3
DA:11,3
DA:12,3
DA:13,1
DA:14,1
DA:15,0
DA:16,0
DA:17,0
DA:18,0
DA:19,0
DA:20,0
DA:21,0
DA:22,1
DA:23,1
DA:24,1
DA:25,1
DA:26,1
DA:27,1
DA:28,1
DA:29,1
DA:30,1
DA:31,1
DA:32,1
DA:33,1
DA:34,1
DA:35,1
DA:36,1
DA:37,1
DA:38,1
DA:39,1
DA:40,1
DA:41,1
DA:42,1
DA:43,1
DA:44,1
DA:45,1
DA:46,1
DA:47,1
DA:48,1
DA:49,0
DA:50,0
DA:51,0
DA:52,0
DA:53,0
DA:54,0
DA:55,0
DA:56,0
DA:57,0
DA:58,0
DA:59,0
DA:60,0
DA:61,0
DA:62,1
DA:63,1
DA:64,1
DA:65,1
DA:66,1
DA:67,1
DA:68,1
DA:69,1
LF:69
LH:49
BRDA:5,0,0,3
BRDA:23,1,0,1
BRDA:38,2,0,1
BRDA:69,3,0,1
BRDA:69,4,0,1
BRDA:69,5,0,1
BRDA:69,6,0,1
BRF:7
BRH:7
end_of_record
TN:
SF:src\controllers\video.controller.ts
FN:6,createvideo
FN:24,getvideos
FN:35,getvideo
FN:43,deletevideo
FN:58,Updatevideo
FN:74,Downloadvideo
FNF:6
FNH:0
FNDA:0,createvideo
FNDA:0,getvideos
FNDA:0,getvideo
FNDA:0,deletevideo
FNDA:0,Updatevideo
FNDA:0,Downloadvideo
DA:1,1
DA:2,1
DA:3,1
DA:4,1
DA:5,1
DA:6,1
DA:7,0
DA:8,0
DA:9,0
DA:10,0
DA:11,0
DA:12,0
DA:13,0
DA:14,0
DA:15,0
DA:16,0
DA:17,0
DA:18,0
DA:19,0
DA:20,0
DA:21,0
DA:22,0
DA:23,1
DA:24,1
DA:25,0
DA:26,0
DA:27,0
DA:28,0
DA:29,0
DA:30,0
DA:31,0
DA:32,0
DA:33,0
DA:34,1
DA:35,1
DA:36,0
DA:37,0
DA:38,0
DA:39,0
DA:40,0
DA:41,0
DA:42,1
DA:43,1
DA:44,0
DA:45,0
DA:46,0
DA:47,0
DA:48,0
DA:49,0
DA:50,0
DA:51,0
DA:52,0
DA:53,0
DA:54,0
DA:55,0
DA:56,0
DA:57,1
DA:58,1
DA:59,0
DA:60,0
DA:61,0
DA:62,0
DA:63,0
DA:64,0
DA:65,0
DA:66,0
DA:67,0
DA:68,0
DA:69,0
DA:70,0
DA:71,0
DA:72,0
DA:73,1
DA:74,1
DA:75,0
DA:76,0
DA:77,0
LF:77
LH:16
BRF:0
BRH:0
end_of_record
TN:
SF:src\libs\bcrypt.ts
FN:3,hashPassword
FN:9,uncodePassword
FNF:2
FNH:2
FNDA:3,hashPassword
FNDA:1,uncodePassword
DA:1,1
DA:2,1
DA:3,3
DA:4,3
DA:5,3
DA:6,3
DA:7,3
DA:8,1
DA:9,1
DA:10,1
DA:11,1
DA:12,1
LF:12
LH:12
BRDA:3,0,0,3
BRDA:9,1,0,1
BRF:2
BRH:2
end_of_record
TN:
SF:src\libs\jwt.ts
FN:3,createToken
FNF:1
FNH:0
FNDA:0,createToken
DA:1,1
DA:2,1
DA:3,0
DA:4,0
DA:5,0
DA:6,0
LF:6
LH:2
BRF:0
BRH:0
end_of_record
TN:
SF:src\libs\multer.ts
FN:7,filename
FNF:1
FNH:0
FNDA:0,filename
DA:1,1
DA:2,1
DA:3,1
DA:4,1
DA:5,1
DA:6,1
DA:7,1
DA:8,0
DA:9,1
DA:10,1
DA:11,1
DA:12,1
LF:12
LH:11
BRF:0
BRH:0
end_of_record
TN:
SF:src\middleware\Auth.middleware.ts
FN:10,AuthRequired
FN:28,oo_cm
FN:28,oo_oo
FN:28,oo_tr
FN:28,oo_tx
FN:28,oo_ts
FN:28,oo_te
FNF:7
FNH:7
FNDA:1,AuthRequired
FNDA:1,oo_cm
FNDA:1,oo_oo
FNDA:1,oo_tr
FNDA:1,oo_tx
FNDA:1,oo_ts
FNDA:1,oo_te
DA:1,1
DA:2,1
DA:3,1
DA:4,1
DA:5,1
DA:6,1
DA:7,1
DA:8,1
DA:9,1
DA:10,1
DA:11,1
DA:12,1
DA:13,1
DA:14,0
DA:15,0
DA:16,0
DA:17,0
DA:18,0
DA:19,0
DA:20,0
DA:21,1
DA:22,1
DA:23,1
DA:24,1
DA:25,1
DA:26,1
DA:27,1
DA:28,1
LF:28
LH:21
BRDA:10,0,0,1
BRDA:14,1,0,0
BRF:2
BRH:1
end_of_record
TN:
SF:src\models\Music.model.ts
FNF:0
FNH:0
DA:1,1
DA:2,1
DA:3,1
DA:4,1
DA:5,1
DA:6,1
DA:7,1
DA:8,1
DA:9,1
DA:10,1
DA:11,1
DA:12,1
DA:13,1
DA:14,1
DA:15,1
LF:15
LH:15
BRF:0
BRH:0
end_of_record
TN:
SF:src\models\User.model.ts
FNF:0
FNH:0
DA:1,1
DA:2,1
DA:3,1
DA:4,1
DA:5,1
DA:6,1
DA:7,1
DA:8,1
DA:9,1
DA:10,1
DA:11,1
DA:12,1
DA:13,1
LF:13
LH:13
BRF:0
BRH:0
end_of_record
TN:
SF:src\models\Video.model.ts
FNF:0
FNH:0
DA:1,1
DA:2,1
DA:3,1
DA:4,1
DA:5,1
DA:6,1
DA:7,1
DA:8,1
DA:9,1
DA:10,1
DA:11,1
DA:12,1
DA:13,1
DA:14,1
DA:15,1
LF:15
LH:15
BRF:0
BRH:0
end_of_record
TN:
SF:src\routes\auth.routes.ts
FNF:0
FNH:0
DA:1,1
DA:2,1
DA:3,1
DA:4,1
DA:5,1
DA:6,1
DA:7,1
DA:8,1
DA:9,1
DA:10,1
DA:11,1
LF:11
LH:11
BRF:0
BRH:0
end_of_record
TN:
SF:src\routes\music.routes.ts
FNF:0
FNH:0
DA:1,1
DA:2,1
DA:3,1
DA:4,1
DA:5,1
DA:6,1
DA:7,1
DA:8,1
DA:9,1
DA:10,1
DA:11,1
DA:12,1
DA:13,1
DA:14,1
DA:15,1
DA:16,1
DA:17,1
DA:18,1
DA:19,1
DA:20,1
DA:21,1
DA:22,1
DA:23,1
LF:23
LH:23
BRF:0
BRH:0
end_of_record
TN:
SF:src\routes\user.routes.ts
FNF:0
FNH:0
DA:1,1
DA:2,1
DA:3,1
DA:4,1
DA:5,1
DA:6,1
DA:7,1
DA:8,1
DA:9,1
DA:10,1
DA:11,1
LF:11
LH:11
BRF:0
BRH:0
end_of_record
TN:
SF:src\routes\video.routes.ts
FNF:0
FNH:0
DA:1,1
DA:2,1
DA:3,1
DA:4,1
DA:5,1
DA:6,1
DA:7,1
DA:8,1
DA:9,1
DA:10,1
DA:11,1
DA:12,1
DA:13,1
DA:14,1
DA:15,1
DA:16,1
DA:17,1
DA:18,1
DA:19,1
DA:20,1
DA:21,1
DA:22,1
LF:22
LH:22
BRF:0
BRH:0
end_of_record
